<?xml version="1.0" encoding="UTF-8"?>
<!-- Generated by org.testng.reporters.JUnitXMLReporter -->
<testsuite ignored="0" hostname="LAPTOP-AFO4I6I2" failures="0" tests="7" name="Default test" time="56.59" errors="0" timestamp="2022-09-08T15:30:26 IST">
  <testcase classname="allure.allurereport" name="Login_Credentials" time="3.573"/>
  <testcase classname="allure.allurereport" name="Captcha" time="2.48"/>
  <testcase classname="allure.allurereport" name="Question_Bank_Report" time="3.621"/>
  <testcase classname="allure.allurereport" name="Question_Bank_Moderator_Report" time="0.884"/>
  <testcase classname="allure.allurereport" name="Paper_Setter_Details" time="1.618"/>
  <testcase classname="allure.allurereport" name="Moderator_Details" time="0.38"/>
  <testcase classname="allure.allurereport" name="Paper_Setter_Not_Confirmed" time="0.436"/>
</testsuite> <!-- Default test -->
