<?xml version="1.0" encoding="UTF-8"?>
<!-- Generated by org.testng.reporters.JUnitXMLReporter -->
<testsuite ignored="0" hostname="LAPTOP-AFO4I6I2" failures="0" tests="7" name="Test" time="93.82" errors="0" timestamp="2022-03-12T14:13:25 IST">
  <testcase classname="allure.allurereport" name="Login_Credentials" time="19.074"/>
  <testcase classname="allure.allurereport" name="Captcha" time="11.285"/>
  <testcase classname="allure.allurereport" name="Question_Bank_Report" time="10.697"/>
  <testcase classname="allure.allurereport" name="Question_Bank_Moderator_Report" time="9.594"/>
  <testcase classname="allure.allurereport" name="Paper_Setter_Details" time="9.622"/>
  <testcase classname="allure.allurereport" name="Moderator_Details" time="9.18"/>
  <testcase classname="allure.allurereport" name="Paper_Setter_Not_Confirmed" time="9.524"/>
</testsuite> <!-- Test -->
